<?xml version="1.0" encoding="UTF-8"?>
<!-- Generated by org.testng.reporters.JUnitReportReporter -->
<testsuite hostname="Monica" failures="0" tests="1" name="tests.CreatenewAccount" time="4.432" errors="0" timestamp="2022-05-20T15:18:36 EET" skipped="0">
  <testcase classname="tests.CreatenewAccount" name="HomePageSignIn" time="4.432"/>
  <system-out/>
</testsuite> <!-- tests.CreatenewAccount -->
