<?xml version="1.0" encoding="UTF-8"?>
<!-- Generated by org.testng.reporters.JUnitReportReporter -->
<testsuite hostname="Monica" failures="0" tests="1" name="runner.TestRunner" time="0.114" errors="1" timestamp="2022-06-03T17:58:20 EET" skipped="0">
  <testcase classname="runner.TestRunner" name="runScenario" time="0.114">
    <error message="Input must be set" type="java.lang.IllegalArgumentException">
      <![CDATA[java.lang.IllegalArgumentException: Input must be set
at org.openqa.selenium.internal.Require.nonNull(Require.java:56)
at org.openqa.selenium.support.ui.FluentWait.<init>(FluentWait.java:97)
at org.openqa.selenium.support.ui.WebDriverWait.<init>(WebDriverWait.java:128)
at org.openqa.selenium.support.ui.WebDriverWait.<init>(WebDriverWait.java:61)
at utilities.Wait.wait(Wait.java:22)
at utilities.Locaters.locateElement(Locaters.java:42)
at Actions.UIActions.oneClick(UIActions.java:30)
at Pages.HomePage.pressOnSignInBtn(HomePage.java:16)
at stepDefintion.UserRegisteration.the_user_in_the_home_page(UserRegisteration.java:20)
at âœ½.the user in the home page(file:///C:/Users/Lenovo/eclipse-workspace/Test_Automation_framework/src/test/java/feature/UserRegisteration.feature:5)
]]>
    </error>
  </testcase> <!-- runScenario -->
  <system-out/>
</testsuite> <!-- runner.TestRunner -->
