<?xml version="1.0" encoding="UTF-8"?>
<!-- Generated by org.testng.reporters.JUnitReportReporter -->
<testsuite hostname="Monica" failures="0" tests="2" name="tests.UserRegisterTest" time="110.705" errors="0" timestamp="2022-05-24T12:19:50 EET" skipped="0">
  <testcase classname="tests.UserRegisterTest" name="EnterCreateAccountEmail" time="8.567"/>
  <system-out/>
  <testcase classname="tests.UserRegisterTest" name="PressOnSignInButtonTest" time="102.138"/>
  <system-out/>
</testsuite> <!-- tests.UserRegisterTest -->
