<?xml version="1.0" encoding="UTF-8"?>
<!-- Generated by org.testng.reporters.JUnitReportReporter -->
<testsuite hostname="Monica" failures="0" tests="1" name="tests.UserRegisterTest" time="10.863" errors="0" timestamp="2022-05-01T02:55:26 EET" skipped="0">
  <testcase classname="tests.UserRegisterTest" name="UserRegister" time="10.863"/>
  <system-out/>
</testsuite> <!-- tests.UserRegisterTest -->
