<?xml version="1.0" encoding="UTF-8"?>
<!-- Generated by org.testng.reporters.JUnitReportReporter -->
<testsuite hostname="Monica" failures="0" tests="1" name="tests.UserRegisterTest" time="7.189" errors="0" timestamp="2022-05-20T21:41:02 EET" skipped="0">
  <testcase classname="tests.UserRegisterTest" name="HomePageSignIn" time="7.189"/>
  <system-out/>
</testsuite> <!-- tests.UserRegisterTest -->
