<?xml version="1.0" encoding="UTF-8"?>
<!-- Generated by org.testng.reporters.JUnitReportReporter -->
<testsuite hostname="Monica" failures="0" tests="4" name="tests.UserRegisterTest" time="39.091" errors="0" timestamp="2022-06-03T17:53:16 EET" skipped="0">
  <testcase classname="tests.UserRegisterTest" name="EnterCreateAccountEmail" time="0.086"/>
  <system-out/>
  <testcase classname="tests.UserRegisterTest" name="EnterCreateAccountEmail" time="0.133"/>
  <system-out/>
  <testcase classname="tests.UserRegisterTest" name="PressOnSignInButtonTest" time="34.594"/>
  <system-out/>
  <testcase classname="tests.UserRegisterTest" name="EnterUserData" time="4.278"/>
  <system-out/>
</testsuite> <!-- tests.UserRegisterTest -->
