<?xml version="1.0" encoding="UTF-8"?>
<!-- Generated by org.testng.reporters.JUnitReportReporter -->
<testsuite hostname="Monica" failures="0" tests="2" name="tests.UserRegisterTest" time="11.791" errors="0" timestamp="2022-05-23T14:25:27 EET" skipped="0">
  <testcase classname="tests.UserRegisterTest" name="PressOnSignInButtonTest" time="9.879"/>
  <system-out/>
  <testcase classname="tests.UserRegisterTest" name="EnterCreateAccountEmail" time="1.912"/>
  <system-out/>
</testsuite> <!-- tests.UserRegisterTest -->
