<?xml version="1.0" encoding="UTF-8"?>
<!-- Generated by org.testng.reporters.JUnitReportReporter -->
<testsuite hostname="Monica" failures="0" tests="4" name="tests.UserRegisterTest" time="25.150" errors="0" timestamp="2022-06-02T15:03:15 EET" skipped="0">
  <testcase classname="tests.UserRegisterTest" name="PressOnSignInButtonTest" time="14.308"/>
  <system-out/>
  <testcase classname="tests.UserRegisterTest" name="EnterUserData" time="10.604"/>
  <system-out/>
  <testcase classname="tests.UserRegisterTest" name="EnterCreateAccountEmail" time="0.144"/>
  <system-out/>
  <testcase classname="tests.UserRegisterTest" name="EnterCreateAccountEmail" time="0.094"/>
  <system-out/>
</testsuite> <!-- tests.UserRegisterTest -->
