<?xml version="1.0" encoding="UTF-8"?>
<!-- Generated by org.testng.reporters.JUnitReportReporter -->
<testsuite hostname="Monica" failures="0" tests="4" name="tests.UserRegisterTest" time="29.251" errors="1" timestamp="2022-06-07T23:28:37 EET" skipped="0">
  <testcase classname="tests.UserRegisterTest" name="EnterCreateAccountEmail" time="0.211"/>
  <system-out/>
  <testcase classname="tests.UserRegisterTest" name="EnterCreateAccountEmail" time="0.308"/>
  <system-out/>
  <testcase classname="tests.UserRegisterTest" name="EnterUserData" time="2.750">
    <error message="stale element reference: element is not attached to the page document
  (Session info: MicrosoftEdge=100.0.1185.50)
For documentation on this error, please visit: https://selenium.dev/exceptions/#stale_element_reference
Build info: version: &#039;4.1.1&#039;, revision: &#039;e8fcc2cecf&#039;
System info: host: &#039;MONICA&#039;, ip: &#039;172.26.112.1&#039;, os.name: &#039;Windows 10&#039;, os.arch: &#039;amd64&#039;, os.version: &#039;10.0&#039;, java.version: &#039;17.0.1&#039;
Driver info: org.openqa.selenium.remote.RemoteWebDriver
Command: [08c5b3362dbdd7fcebeaa053b94e2b1d, getElementText {id=3a0c0aa3-3c7f-4368-839e-999cbeb26229}]
Capabilities {acceptInsecureCerts: false, browserName: msedge, browserVersion: 100.0.1185.50, javascriptEnabled: true, ms:edgeOptions: {debuggerAddress: localhost:42093}, msedge: {msedgedriverVersion: 100.0.1185.50 (d8ee69a5ee9b..., userDataDir: /tmp/.com.microsoft.Edge.lJ...}, networkConnectionEnabled: false, pageLoadStrategy: normal, platform: LINUX, platformName: LINUX, proxy: Proxy(), se:cdp: ws://172.23.0.4:4444/sessio..., se:cdpVersion: 100.0.1185.50, se:vnc: ws://172.23.0.4:4444/sessio..., se:vncEnabled: true, se:vncLocalAddress: ws://172.23.0.4:7900, setWindowRect: true, strictFileInteractability: false, timeouts: {implicit: 0, pageLoad: 300000, script: 30000}, unhandledPromptBehavior: dismiss and notify, webauthn:extension:credBlob: true, webauthn:extension:largeBlob: true, webauthn:virtualAuthenticators: true}
Element: [[RemoteWebDriver: msedge on LINUX (08c5b3362dbdd7fcebeaa053b94e2b1d)] -&gt; xpath: //input[@name=&#039;id_gender&#039;]]
Session ID: 08c5b3362dbdd7fcebeaa053b94e2b1d" type="org.openqa.selenium.StaleElementReferenceException">
      <![CDATA[org.openqa.selenium.StaleElementReferenceException: stale element reference: element is not attached to the page document
  (Session info: MicrosoftEdge=100.0.1185.50)
For documentation on this error, please visit: https://selenium.dev/exceptions/#stale_element_reference
Build info: version: '4.1.1', revision: 'e8fcc2cecf'
System info: host: 'MONICA', ip: '172.26.112.1', os.name: 'Windows 10', os.arch: 'amd64', os.version: '10.0', java.version: '17.0.1'
Driver info: org.openqa.selenium.remote.RemoteWebDriver
Command: [08c5b3362dbdd7fcebeaa053b94e2b1d, getElementText {id=3a0c0aa3-3c7f-4368-839e-999cbeb26229}]
Capabilities {acceptInsecureCerts: false, browserName: msedge, browserVersion: 100.0.1185.50, javascriptEnabled: true, ms:edgeOptions: {debuggerAddress: localhost:42093}, msedge: {msedgedriverVersion: 100.0.1185.50 (d8ee69a5ee9b..., userDataDir: /tmp/.com.microsoft.Edge.lJ...}, networkConnectionEnabled: false, pageLoadStrategy: normal, platform: LINUX, platformName: LINUX, proxy: Proxy(), se:cdp: ws://172.23.0.4:4444/sessio..., se:cdpVersion: 100.0.1185.50, se:vnc: ws://172.23.0.4:4444/sessio..., se:vncEnabled: true, se:vncLocalAddress: ws://172.23.0.4:7900, setWindowRect: true, strictFileInteractability: false, timeouts: {implicit: 0, pageLoad: 300000, script: 30000}, unhandledPromptBehavior: dismiss and notify, webauthn:extension:credBlob: true, webauthn:extension:largeBlob: true, webauthn:virtualAuthenticators: true}
Element: [[RemoteWebDriver: msedge on LINUX (08c5b3362dbdd7fcebeaa053b94e2b1d)] -> xpath: //input[@name='id_gender']]
Session ID: 08c5b3362dbdd7fcebeaa053b94e2b1d
at java.base/jdk.internal.reflect.NativeConstructorAccessorImpl.newInstance0(Native Method)
at java.base/jdk.internal.reflect.NativeConstructorAccessorImpl.newInstance(NativeConstructorAccessorImpl.java:77)
at java.base/jdk.internal.reflect.DelegatingConstructorAccessorImpl.newInstance(DelegatingConstructorAccessorImpl.java:45)
at java.base/java.lang.reflect.Constructor.newInstanceWithCaller(Constructor.java:499)
at java.base/java.lang.reflect.Constructor.newInstance(Constructor.java:480)
at org.openqa.selenium.remote.codec.w3c.W3CHttpResponseCodec.createException(W3CHttpResponseCodec.java:200)
at org.openqa.selenium.remote.codec.w3c.W3CHttpResponseCodec.decode(W3CHttpResponseCodec.java:133)
at org.openqa.selenium.remote.codec.w3c.W3CHttpResponseCodec.decode(W3CHttpResponseCodec.java:53)
at org.openqa.selenium.remote.HttpCommandExecutor.execute(HttpCommandExecutor.java:184)
at org.openqa.selenium.remote.TracedCommandExecutor.execute(TracedCommandExecutor.java:51)
at org.openqa.selenium.remote.RemoteWebDriver.execute(RemoteWebDriver.java:543)
at org.openqa.selenium.remote.RemoteWebElement.execute(RemoteWebElement.java:251)
at org.openqa.selenium.remote.RemoteWebElement.getText(RemoteWebElement.java:201)
at actions.UIActions.selectRadioButtonValue(UIActions.java:66)
at pages.RegisterPage.selectGenderRadioButton(RegisterPage.java:32)
at pages.RegisterPage.userRegister(RegisterPage.java:67)
at tests.UserRegisterTest.EnterUserData(UserRegisterTest.java:38)
at java.base/jdk.internal.reflect.NativeMethodAccessorImpl.invoke0(Native Method)
at java.base/jdk.internal.reflect.NativeMethodAccessorImpl.invoke(NativeMethodAccessorImpl.java:77)
at java.base/jdk.internal.reflect.DelegatingMethodAccessorImpl.invoke(DelegatingMethodAccessorImpl.java:43)
at java.base/java.lang.reflect.Method.invoke(Method.java:568)
at org.testng.internal.invokers.MethodInvocationHelper.invokeMethod(MethodInvocationHelper.java:135)
at org.testng.internal.invokers.TestInvoker.invokeMethod(TestInvoker.java:673)
at org.testng.internal.invokers.TestInvoker.invokeTestMethod(TestInvoker.java:220)
at org.testng.internal.invokers.MethodRunner.runInSequence(MethodRunner.java:50)
at org.testng.internal.invokers.TestInvoker$MethodInvocationAgent.invoke(TestInvoker.java:945)
at org.testng.internal.invokers.TestInvoker.invokeTestMethods(TestInvoker.java:193)
at org.testng.internal.invokers.TestMethodWorker.invokeTestMethods(TestMethodWorker.java:146)
at org.testng.internal.invokers.TestMethodWorker.run(TestMethodWorker.java:128)
at java.base/java.util.ArrayList.forEach(ArrayList.java:1511)
at org.testng.TestRunner.privateRun(TestRunner.java:808)
at org.testng.TestRunner.run(TestRunner.java:603)
at org.testng.SuiteRunner.runTest(SuiteRunner.java:429)
at org.testng.SuiteRunner.access$000(SuiteRunner.java:32)
at org.testng.SuiteRunner$SuiteWorker.run(SuiteRunner.java:467)
at org.testng.internal.thread.ThreadUtil.lambda$execute$0(ThreadUtil.java:58)
at java.base/java.util.concurrent.FutureTask.run(FutureTask.java:264)
at java.base/java.util.concurrent.ThreadPoolExecutor.runWorker(ThreadPoolExecutor.java:1136)
at java.base/java.util.concurrent.ThreadPoolExecutor$Worker.run(ThreadPoolExecutor.java:635)
at java.base/java.lang.Thread.run(Thread.java:833)
]]>
    </error>
  </testcase> <!-- EnterUserData -->
  <system-out/>
  <testcase classname="tests.UserRegisterTest" name="PressOnSignInButtonTest" time="25.982"/>
  <system-out/>
</testsuite> <!-- tests.UserRegisterTest -->
